<?xml version="1.0" encoding="UTF-8" ?>
<testsuite errors="1" failures="0" hostname="Kristo-PC" name="PlayerTest" tests="1" time="0.1" timestamp="2012-11-26T15:55:13">
  <properties>
[...]
</properties>
  <testcase classname="PlayerTest" name="initializationError" time="0.01">
    <error message="No runnable methods" type="java.lang.Exception">java.lang.Exception: No runnable methods
	at java.lang.reflect.Constructor.newInstance(Constructor.java:525)
</error>
  </testcase>
  <system-out><![CDATA[]]></system-out>
  <system-err><![CDATA[]]></system-err>
</testsuite>
